<html>
<head>
<title>TestNG:  DemoWebShop</title>
<link href="../testng.css" rel="stylesheet" type="text/css" />
<link href="../my-testng.css" rel="stylesheet" type="text/css" />

<style type="text/css">
.log { display: none;} 
.stack-trace { display: none;} 
</style>
<script type="text/javascript">
<!--
function flip(e) {
  current = e.style.display;
  if (current == 'block') {
    e.style.display = 'none';
    return 0;
  }
  else {
    e.style.display = 'block';
    return 1;
  }
}

function toggleBox(szDivId, elem, msg1, msg2)
{
  var res = -1;  if (document.getElementById) {
    res = flip(document.getElementById(szDivId));
  }
  else if (document.all) {
    // this is the way old msie versions work
    res = flip(document.all[szDivId]);
  }
  if(elem) {
    if(res == 0) elem.innerHTML = msg1; else elem.innerHTML = msg2;
  }

}

function toggleAllBoxes() {
  if (document.getElementsByTagName) {
    d = document.getElementsByTagName('div');
    for (i = 0; i < d.length; i++) {
      if (d[i].className == 'log') {
        flip(d[i]);
      }
    }
  }
}

// -->
</script>

</head>
<body>
<h2 align='center'>DemoWebShop</h2><table border='1' align="center">
<tr>
<td>Tests passed/Failed/Skipped:</td><td>7/1/0</td>
</tr><tr>
<td>Started on:</td><td>Sat Sep 25 08:27:11 IST 2021</td>
</tr>
<tr><td>Total time:</td><td>47 seconds (47877 ms)</td>
</tr><tr>
<td>Included groups:</td><td></td>
</tr><tr>
<td>Excluded groups:</td><td></td>
</tr>
</table><p/>
<small><i>(Hover the method name to see the test class name)</i></small><p/>
<table width='100%' border='1' class='invocation-failed'>
<tr><td colspan='4' align='center'><b>FAILED TESTS</b></td></tr>
<tr><td><b>Test method</b></td>
<td width="30%"><b>Exception</b></td>
<td width="10%"><b>Time (seconds)</b></td>
<td><b>Instance</b></td>
</tr>
<tr>
<td title='testcases.TC_08_ReOrder.re_Order()'><b>re_Order</b><br>Test class: testcases.TC_08_ReOrder<br/>
<a href="#Output-352316793" onClick='toggleBox("Output-352316793", this, "Show output", "Hide output");'>Show output</a>

<a href="#Output-352316793" onClick="toggleAllBoxes();">Show all outputs</a>
<div class='log' id="Output-352316793">
Login button is clicked<br/>
Email Id is entered<br/>
Entered password<br/>
clicked on Login button<br/>
Clicked on email name<br/>
Orders selcted from the options<br/>
Order Number: 1020123<br/>
Order Number: 1020122<br/>
Order Number: 1020120<br/>
Order Number: 1020119<br/>
Order Number: 1019271<br/>
Order Number: 1019270<br/>
Order Number: 1018414<br/>
Order Number: 1018413<br/>
Order Number: 1017523<br/>
Order Number: 1015634<br/>
Order Number: 1015633<br/>
Order Number: 1015245<br/>
Order Number: 1015241<br/>
Order Number: 1015229<br/>
Order Number: 1015227<br/>
Order Number: 1015218<br/>
Order Number: 1015215<br/>
Order Number: 1015210<br/>
Order Number: 997868<br/>
Order Number: 997042<br/>
Order Number: 997040<br/>
Order details button is clicked<br/>
Re-Order button is clicked<br/>
Terms of service check-box is checked<br/>
Checkout button is clicked<br/>
Continue button is clicked agter saving billing information<br/>
Continue button is clicked<br/>
Shipping method radio button is selected<br/>
Continue button clicked after selecting shipping method<br/>
Continue buton clicked after selecting payment method<br/>
Contine button clicked to save payment information<br/>
Confirm button is clicked to confirm order<br/>
</div>
</td>
<td><div><pre>org.openqa.selenium.NoSuchElementException: no such element: Unable to locate element: {&quot;method&quot;:&quot;xpath&quot;,&quot;selector&quot;:&quot;//ul[@class=&apos;details&apos;]/li[1]&quot;}
  (Session info: chrome=93.0.4577.82)
For documentation on this error, please visit: https://www.seleniumhq.org/exceptions/no_such_element.html
Build info: version: &apos;3.141.59&apos;, revision: &apos;e82be7d358&apos;, time: &apos;2018-11-14T08:25:48&apos;
System info: host: &apos;DESKTOP-807AG9O&apos;, ip: &apos;192.168.1.6&apos;, os.name: &apos;Windows 10&apos;, os.arch: &apos;amd64&apos;, os.version: &apos;10.0&apos;, java.version: &apos;16.0.2&apos;
Driver info: org.openqa.selenium.chrome.ChromeDriver
Capabilities {acceptInsecureCerts: false, browserName: chrome, browserVersion: 93.0.4577.82, chrome: {chromedriverVersion: 93.0.4577.63 (ff5c0da2ec0ad..., userDataDir: C:\Users\AARADH~1\AppData\L...}, goog:chromeOptions: {debuggerAddress: localhost:58547}, javascriptEnabled: true, networkConnectionEnabled: false, pageLoadStrategy: normal, platform: WINDOWS, platformName: WINDOWS, proxy: Proxy(), setWindowRect: true, strictFileInteractability: false, timeouts: {implicit: 0, pageLoad: 300000, script: 30000}, unhandledPromptBehavior: dismiss and notify, webauthn:extension:credBlob: true, webauthn:extension:largeBlob: true, webauthn:virtualAuthenticators: true}
Session ID: d664cb95b060473cad11646e17b2ccaf
*** Element info: {Using=xpath, value=//ul[@class=&apos;details&apos;]/li[1]}
	at org.openqa.selenium.remote.http.W3CHttpResponseCodec.createException(W3CHttpResponseCodec.java:187)
	at org.openqa.selenium.remote.http.W3CHttpResponseCodec.decode(W3CHttpResponseCodec.java:122)
	at org.openqa.selenium.remote.http.W3CHttpResponseCodec.decode(W3CHttpResponseCodec.java:49)
	at org.openqa.selenium.remote.HttpCommandExecutor.execute(HttpCommandExecutor.java:158)
	at org.openqa.selenium.remote.service.DriverCommandExecutor.execute(DriverCommandExecutor.java:83)
	at org.openqa.selenium.remote.RemoteWebDriver.execute(RemoteWebDriver.java:552)
	at org.openqa.selenium.remote.RemoteWebDriver.findElement(RemoteWebDriver.java:323)
	at org.openqa.selenium.remote.RemoteWebDriver.findElementByXPath(RemoteWebDriver.java:428)
	at org.openqa.selenium.By$ByXPath.findElement(By.java:353)
	at org.openqa.selenium.remote.RemoteWebDriver.findElement(RemoteWebDriver.java:315)
	at testcases.TC_08_ReOrder.re_Order(TC_08_ReOrder.java:137)
	at java.base/java.util.concurrent.ThreadPoolExecutor.runWorker(ThreadPoolExecutor.java:1130)
	at java.base/java.util.concurrent.ThreadPoolExecutor$Worker.run(ThreadPoolExecutor.java:630)
	at java.base/java.lang.Thread.run(Thread.java:831)
... Removed 17 stack frames</pre></div><a href='#' onClick='toggleBox("stack-trace352316793", this, "Click to show all stack frames", "Click to hide stack frames")'>Click to show all stack frames</a>
<div class='stack-trace' id='stack-trace352316793'><pre>org.openqa.selenium.NoSuchElementException: no such element: Unable to locate element: {&quot;method&quot;:&quot;xpath&quot;,&quot;selector&quot;:&quot;//ul[@class=&apos;details&apos;]/li[1]&quot;}
  (Session info: chrome=93.0.4577.82)
For documentation on this error, please visit: https://www.seleniumhq.org/exceptions/no_such_element.html
Build info: version: &apos;3.141.59&apos;, revision: &apos;e82be7d358&apos;, time: &apos;2018-11-14T08:25:48&apos;
System info: host: &apos;DESKTOP-807AG9O&apos;, ip: &apos;192.168.1.6&apos;, os.name: &apos;Windows 10&apos;, os.arch: &apos;amd64&apos;, os.version: &apos;10.0&apos;, java.version: &apos;16.0.2&apos;
Driver info: org.openqa.selenium.chrome.ChromeDriver
Capabilities {acceptInsecureCerts: false, browserName: chrome, browserVersion: 93.0.4577.82, chrome: {chromedriverVersion: 93.0.4577.63 (ff5c0da2ec0ad..., userDataDir: C:\Users\AARADH~1\AppData\L...}, goog:chromeOptions: {debuggerAddress: localhost:58547}, javascriptEnabled: true, networkConnectionEnabled: false, pageLoadStrategy: normal, platform: WINDOWS, platformName: WINDOWS, proxy: Proxy(), setWindowRect: true, strictFileInteractability: false, timeouts: {implicit: 0, pageLoad: 300000, script: 30000}, unhandledPromptBehavior: dismiss and notify, webauthn:extension:credBlob: true, webauthn:extension:largeBlob: true, webauthn:virtualAuthenticators: true}
Session ID: d664cb95b060473cad11646e17b2ccaf
*** Element info: {Using=xpath, value=//ul[@class=&apos;details&apos;]/li[1]}
	at java.base/jdk.internal.reflect.NativeConstructorAccessorImpl.newInstance0(Native Method)
	at java.base/jdk.internal.reflect.NativeConstructorAccessorImpl.newInstance(NativeConstructorAccessorImpl.java:78)
	at java.base/jdk.internal.reflect.DelegatingConstructorAccessorImpl.newInstance(DelegatingConstructorAccessorImpl.java:45)
	at java.base/java.lang.reflect.Constructor.newInstanceWithCaller(Constructor.java:499)
	at java.base/java.lang.reflect.Constructor.newInstance(Constructor.java:480)
	at org.openqa.selenium.remote.http.W3CHttpResponseCodec.createException(W3CHttpResponseCodec.java:187)
	at org.openqa.selenium.remote.http.W3CHttpResponseCodec.decode(W3CHttpResponseCodec.java:122)
	at org.openqa.selenium.remote.http.W3CHttpResponseCodec.decode(W3CHttpResponseCodec.java:49)
	at org.openqa.selenium.remote.HttpCommandExecutor.execute(HttpCommandExecutor.java:158)
	at org.openqa.selenium.remote.service.DriverCommandExecutor.execute(DriverCommandExecutor.java:83)
	at org.openqa.selenium.remote.RemoteWebDriver.execute(RemoteWebDriver.java:552)
	at org.openqa.selenium.remote.RemoteWebDriver.findElement(RemoteWebDriver.java:323)
	at org.openqa.selenium.remote.RemoteWebDriver.findElementByXPath(RemoteWebDriver.java:428)
	at org.openqa.selenium.By$ByXPath.findElement(By.java:353)
	at org.openqa.selenium.remote.RemoteWebDriver.findElement(RemoteWebDriver.java:315)
	at testcases.TC_08_ReOrder.re_Order(TC_08_ReOrder.java:137)
	at java.base/jdk.internal.reflect.NativeMethodAccessorImpl.invoke0(Native Method)
	at java.base/jdk.internal.reflect.NativeMethodAccessorImpl.invoke(NativeMethodAccessorImpl.java:78)
	at java.base/jdk.internal.reflect.DelegatingMethodAccessorImpl.invoke(DelegatingMethodAccessorImpl.java:43)
	at java.base/java.lang.reflect.Method.invoke(Method.java:567)
	at org.testng.internal.MethodInvocationHelper.invokeMethod(MethodInvocationHelper.java:133)
	at org.testng.internal.TestInvoker.invokeMethod(TestInvoker.java:598)
	at org.testng.internal.TestInvoker.invokeTestMethod(TestInvoker.java:173)
	at org.testng.internal.MethodRunner.runInSequence(MethodRunner.java:46)
	at org.testng.internal.TestInvoker$MethodInvocationAgent.invoke(TestInvoker.java:824)
	at org.testng.internal.TestInvoker.invokeTestMethods(TestInvoker.java:146)
	at org.testng.internal.TestMethodWorker.invokeTestMethods(TestMethodWorker.java:146)
	at org.testng.internal.TestMethodWorker.run(TestMethodWorker.java:128)
	at java.base/java.util.concurrent.ThreadPoolExecutor.runWorker(ThreadPoolExecutor.java:1130)
	at java.base/java.util.concurrent.ThreadPoolExecutor$Worker.run(ThreadPoolExecutor.java:630)
	at java.base/java.lang.Thread.run(Thread.java:831)
</pre></div></td>
<td>28</td>
<td>testcases.TC_08_ReOrder@4efac082</td></tr>
</table><p>
<table width='100%' border='1' class='invocation-passed'>
<tr><td colspan='4' align='center'><b>PASSED TESTS</b></td></tr>
<tr><td><b>Test method</b></td>
<td width="30%"><b>Exception</b></td>
<td width="10%"><b>Time (seconds)</b></td>
<td><b>Instance</b></td>
</tr>
<tr>
<td title='testcases.TC_06_DemoWebShop_Login.login_DemoWebShop_DataProvider()'><b>login_DemoWebShop_DataProvider</b><br>Test class: testcases.TC_06_DemoWebShop_Login<br>Parameters: GwiDFrKoK@gmail.com, login@123<br/>
<a href="#Output-420148472" onClick='toggleBox("Output-420148472", this, "Show output", "Hide output");'>Show output</a>

<a href="#Output-420148472" onClick="toggleAllBoxes();">Show all outputs</a>
<div class='log' id="Output-420148472">
Login button is clicked<br/>
Email Id is entered<br/>
Entered password<br/>
clicked on Login button<br/>
Successfully logged out of the browser<br/>
</div>
</td>
<td></td>
<td>9</td>
<td>testcases.TC_06_DemoWebShop_Login@d9345cd</td></tr>
<tr>
<td title='testcases.TC_06_DemoWebShop_Login.login_DemoWebShop_DataProvider()'><b>login_DemoWebShop_DataProvider</b><br>Test class: testcases.TC_06_DemoWebShop_Login<br>Parameters: aarosagarch@gmail.com, Admin@123<br/>
<a href="#Output-1317349089" onClick='toggleBox("Output-1317349089", this, "Show output", "Hide output");'>Show output</a>

<a href="#Output-1317349089" onClick="toggleAllBoxes();">Show all outputs</a>
<div class='log' id="Output-1317349089">
Login button is clicked<br/>
Email Id is entered<br/>
Entered password<br/>
clicked on Login button<br/>
Successfully logged out of the browser<br/>
</div>
</td>
<td></td>
<td>7</td>
<td>testcases.TC_06_DemoWebShop_Login@d9345cd</td></tr>
<tr>
<td title='testcases.TC_07_DemoWebShop_PlaceOrder.placeOrder_DemoWebshop()'><b>placeOrder_DemoWebshop</b><br>Test class: testcases.TC_07_DemoWebShop_PlaceOrder<br/>
<a href="#Output-317463194" onClick='toggleBox("Output-317463194", this, "Show output", "Hide output");'>Show output</a>

<a href="#Output-317463194" onClick="toggleAllBoxes();">Show all outputs</a>
<div class='log' id="Output-317463194">
Login button is clicked<br/>
Email Id is entered<br/>
Entered password<br/>
clicked on Login button<br/>
Selected Books from top menu<br/>
first option selected from the dropdown<br/>
Category Z to A slected from the dropdown<br/>
Added item to the cart<br/>
Selected shopping cart<br/>
India selected from the country drop down<br/>
Other (Non US) selected from the state dropdown<br/>
Entered pincode as 500060<br/>
Termsofservice Check-box is selected<br/>
Checkout button is clicked<br/>
Continue button selected for billing<br/>
Continue button selected for shipping<br/>
Continue button selected for shipping method<br/>
Continue button selected for payment method<br/>
Continue button selected for payment info<br/>
Confirm button selected<br/>
Order number: 1020125<br/>
Successfully logged out of the browser<br/>
</div>
</td>
<td></td>
<td>16</td>
<td>testcases.TC_07_DemoWebShop_PlaceOrder@2d710f1a</td></tr>
<tr>
<td title='testcases.TC_06_DemoWebShop_Login.login_DemoWebShop_DataProvider()'><b>login_DemoWebShop_DataProvider</b><br>Test class: testcases.TC_06_DemoWebShop_Login<br>Parameters: log-in123@gmail.com, login@123<br/>
<a href="#Output-1772310827" onClick='toggleBox("Output-1772310827", this, "Show output", "Hide output");'>Show output</a>

<a href="#Output-1772310827" onClick="toggleAllBoxes();">Show all outputs</a>
<div class='log' id="Output-1772310827">
Login button is clicked<br/>
Email Id is entered<br/>
Entered password<br/>
clicked on Login button<br/>
Successfully logged out of the browser<br/>
</div>
</td>
<td></td>
<td>7</td>
<td>testcases.TC_06_DemoWebShop_Login@d9345cd</td></tr>
<tr>
<td title='testcases.TC_05_DemoWebShop_Register.register()'><b>register</b><br>Test class: testcases.TC_05_DemoWebShop_Register<br/>
<a href="#Output-178051088" onClick='toggleBox("Output-178051088", this, "Show output", "Hide output");'>Show output</a>

<a href="#Output-178051088" onClick="toggleAllBoxes();">Show all outputs</a>
<div class='log' id="Output-178051088">
Selectd register button<br/>
Gender is selected as: Male<br/>
First-name entered<br/>
Last name is entered<br/>
Email id is entered in the text-box<br/>
password is entered in the text-box<br/>
password entered in confirm password text-box<br/>
Register button selected<br/>
Successfully logged out post registration<br/>
</div>
</td>
<td></td>
<td>11</td>
<td>testcases.TC_05_DemoWebShop_Register@428640fa</td></tr>
<tr>
<td title='testcases.TC_09_AllOrdersTotal.allorders_total()'><b>allorders_total</b><br>Test class: testcases.TC_09_AllOrdersTotal<br/>
<a href="#Output-502828374" onClick='toggleBox("Output-502828374", this, "Show output", "Hide output");'>Show output</a>

<a href="#Output-502828374" onClick="toggleAllBoxes();">Show all outputs</a>
<div class='log' id="Output-502828374">
Login button is clicked<br/>
Email Id is entered<br/>
Entered password<br/>
clicked on Login button<br/>
Clicked on email name<br/>
Orders selcted from the options<br/>
Total number of orders placed are:53<br/>
Sum of Total orders is :2526<br/>
</div>
</td>
<td></td>
<td>5</td>
<td>testcases.TC_09_AllOrdersTotal@6bd61f98</td></tr>
<tr>
<td title='testcases.TC_06_DemoWebShop_Login.login_DemoWebShop_DataProvider()'><b>login_DemoWebShop_DataProvider</b><br>Test class: testcases.TC_06_DemoWebShop_Login<br>Parameters: RxYEuAdru@gmail.com, login@123<br/>
<a href="#Output-1662475464" onClick='toggleBox("Output-1662475464", this, "Show output", "Hide output");'>Show output</a>

<a href="#Output-1662475464" onClick="toggleAllBoxes();">Show all outputs</a>
<div class='log' id="Output-1662475464">
Login button is clicked<br/>
Email Id is entered<br/>
Entered password<br/>
clicked on Login button<br/>
Successfully logged out of the browser<br/>
</div>
</td>
<td></td>
<td>7</td>
<td>testcases.TC_06_DemoWebShop_Login@d9345cd</td></tr>
</table><p>
</body>
</html>